<?xml version="1.0" encoding="UTF-8"?>
<!-- Generated by org.testng.reporters.JUnitReportReporter -->
<testsuite hostname="marina-goher" failures="0" tests="1" name="tests.newUserSignUpTest" time="12.389" errors="0" timestamp="2023-12-05T23:27:55 EET" skipped="0">
  <testcase classname="tests.newUserSignUpTest" name="userSignUp" time="12.389"/>
</testsuite> <!-- tests.newUserSignUpTest -->
