<?xml version="1.0" encoding="UTF-8"?>
<!-- Generated by org.testng.reporters.JUnitReportReporter -->
<testsuite hostname="marina-goher" failures="0" tests="1" name="tests.testProperties" time="14.219" errors="0" timestamp="2023-12-04T22:58:49 EET" skipped="0">
  <testcase classname="tests.testProperties" name="userSignUp" time="14.219"/>
</testsuite> <!-- tests.testProperties -->
